<?xml version="1.0" encoding="UTF-8"?>
<!-- Generated by org.testng.reporters.JUnitReportReporter -->
<testsuite hostname="Irfan" failures="0" tests="2" name="driver" time="27.132" errors="0" timestamp="2021-05-11T16:22:45 GST" skipped="0">
  <testcase classname="driver" name="Test1" time="14.622"/>
  <system-out/>
  <testcase classname="driver" name="Test1" time="12.510"/>
  <system-out/>
</testsuite> <!-- driver -->
