<?xml version="1.0" encoding="UTF-8"?>
<!-- Generated by org.testng.reporters.JUnitReportReporter -->
<testsuite hostname="Irfan" failures="0" tests="1" name="com.testautomation.testrunner.TestRunner" time="9.790" errors="0" timestamp="2021-05-11T15:22:05 GST" skipped="0">
  <testcase classname="com.testautomation.testrunner.TestRunner" name="feature" time="9.790"/>
  <system-out/>
</testsuite> <!-- com.testautomation.testrunner.TestRunner -->
