<?xml version="1.0" encoding="UTF-8"?>
<!-- Generated by org.testng.reporters.JUnitReportReporter -->
<testsuite hostname="Irfan" failures="0" tests="1" name="driver" time="5.885" errors="0" timestamp="2021-05-03T14:51:15 GST" skipped="0">
  <testcase classname="driver" name="Test1" time="5.885"/>
  <system-out/>
</testsuite> <!-- driver -->
